\BOOKMARK [0][-]{chapter.1}{\376\377\0001\000\040\000T\000r\000o\000i\000s\000i\000\350\000m\000e\000\040\000e\000x\000e\000r\000c\000i\000c\000e\000\040\000d\000u\000\040\000T\000P\000\040\000I\000L\0002}{}% 1
\BOOKMARK [0][-]{chapter.2}{\376\377\0002\000\040\000D\000a\000t\000a\000\040\000S\000t\000r\000u\000c\000t\000u\000r\000e\000\040\000I\000n\000d\000e\000x}{}% 2
\BOOKMARK [1][-]{section.2.1}{\376\377\0002\000.\0001\000\040\000D\000a\000t\000a\000\040\000S\000t\000r\000u\000c\000t\000u\000r\000e\000s}{chapter.2}% 3
\BOOKMARK [0][-]{chapter.3}{\376\377\0003\000\040\000F\000i\000l\000e\000\040\000I\000n\000d\000e\000x}{}% 4
\BOOKMARK [1][-]{section.3.1}{\376\377\0003\000.\0001\000\040\000F\000i\000l\000e\000\040\000L\000i\000s\000t}{chapter.3}% 5
\BOOKMARK [0][-]{chapter.4}{\376\377\0004\000\040\000D\000a\000t\000a\000\040\000S\000t\000r\000u\000c\000t\000u\000r\000e\000\040\000D\000o\000c\000u\000m\000e\000n\000t\000a\000t\000i\000o\000n}{}% 6
\BOOKMARK [1][-]{section.4.1}{\376\377\0004\000.\0001\000\040\000\137\000j\000s\000o\000n\000\137\000a\000r\000r\000a\000y\000\040\000S\000t\000r\000u\000c\000t\000\040\000R\000e\000f\000e\000r\000e\000n\000c\000e}{chapter.4}% 7
\BOOKMARK [2][-]{subsection.4.1.1}{\376\377\0004\000.\0001\000.\0001\000\040\000F\000i\000e\000l\000d\000\040\000D\000o\000c\000u\000m\000e\000n\000t\000a\000t\000i\000o\000n}{section.4.1}% 8
\BOOKMARK [3][-]{subsubsection.4.1.1.1}{\376\377\0004\000.\0001\000.\0001\000.\0001\000\040\000e\000l\000e\000m\000e\000n\000t\000s}{subsection.4.1.1}% 9
\BOOKMARK [3][-]{subsubsection.4.1.1.2}{\376\377\0004\000.\0001\000.\0001\000.\0002\000\040\000s\000i\000z\000e}{subsection.4.1.1}% 10
\BOOKMARK [1][-]{section.4.2}{\376\377\0004\000.\0002\000\040\000\137\000j\000s\000o\000n\000\137\000o\000b\000j\000e\000c\000t\000\040\000S\000t\000r\000u\000c\000t\000\040\000R\000e\000f\000e\000r\000e\000n\000c\000e}{chapter.4}% 11
\BOOKMARK [2][-]{subsection.4.2.1}{\376\377\0004\000.\0002\000.\0001\000\040\000F\000i\000e\000l\000d\000\040\000D\000o\000c\000u\000m\000e\000n\000t\000a\000t\000i\000o\000n}{section.4.2}% 12
\BOOKMARK [3][-]{subsubsection.4.2.1.1}{\376\377\0004\000.\0002\000.\0001\000.\0001\000\040\000m\000e\000m\000b\000e\000r\000s}{subsection.4.2.1}% 13
\BOOKMARK [3][-]{subsubsection.4.2.1.2}{\376\377\0004\000.\0002\000.\0001\000.\0002\000\040\000s\000i\000z\000e}{subsection.4.2.1}% 14
\BOOKMARK [1][-]{section.4.3}{\376\377\0004\000.\0003\000\040\000\137\000j\000s\000o\000n\000\137\000p\000a\000i\000r\000\040\000S\000t\000r\000u\000c\000t\000\040\000R\000e\000f\000e\000r\000e\000n\000c\000e}{chapter.4}% 15
\BOOKMARK [2][-]{subsection.4.3.1}{\376\377\0004\000.\0003\000.\0001\000\040\000F\000i\000e\000l\000d\000\040\000D\000o\000c\000u\000m\000e\000n\000t\000a\000t\000i\000o\000n}{section.4.3}% 16
\BOOKMARK [3][-]{subsubsection.4.3.1.1}{\376\377\0004\000.\0003\000.\0001\000.\0001\000\040\000s\000t\000r\000i\000n\000g}{subsection.4.3.1}% 17
\BOOKMARK [3][-]{subsubsection.4.3.1.2}{\376\377\0004\000.\0003\000.\0001\000.\0002\000\040\000v\000a\000l\000u\000e}{subsection.4.3.1}% 18
\BOOKMARK [1][-]{section.4.4}{\376\377\0004\000.\0004\000\040\000\137\000j\000s\000o\000n\000\137\000v\000a\000l\000u\000e\000\137\000c\000o\000n\000t\000a\000i\000n\000e\000r\000\040\000S\000t\000r\000u\000c\000t\000\040\000R\000e\000f\000e\000r\000e\000n\000c\000e}{chapter.4}% 19
\BOOKMARK [2][-]{subsection.4.4.1}{\376\377\0004\000.\0004\000.\0001\000\040\000F\000i\000e\000l\000d\000\040\000D\000o\000c\000u\000m\000e\000n\000t\000a\000t\000i\000o\000n}{section.4.4}% 20
\BOOKMARK [3][-]{subsubsection.4.4.1.1}{\376\377\0004\000.\0004\000.\0001\000.\0001\000\040\000t\000y\000p\000e}{subsection.4.4.1}% 21
\BOOKMARK [3][-]{subsubsection.4.4.1.2}{\376\377\0004\000.\0004\000.\0001\000.\0002\000\040\000v\000a\000l\000u\000e}{subsection.4.4.1}% 22
\BOOKMARK [1][-]{section.4.5}{\376\377\0004\000.\0005\000\040\000J\000s\000o\000n\000A\000r\000r\000a\000y\000\040\000S\000t\000r\000u\000c\000t\000\040\000R\000e\000f\000e\000r\000e\000n\000c\000e}{chapter.4}% 23
\BOOKMARK [2][-]{subsection.4.5.1}{\376\377\0004\000.\0005\000.\0001\000\040\000D\000e\000t\000a\000i\000l\000e\000d\000\040\000D\000e\000s\000c\000r\000i\000p\000t\000i\000o\000n}{section.4.5}% 24
\BOOKMARK [1][-]{section.4.6}{\376\377\0004\000.\0006\000\040\000J\000s\000o\000n\000O\000b\000j\000e\000c\000t\000\040\000S\000t\000r\000u\000c\000t\000\040\000R\000e\000f\000e\000r\000e\000n\000c\000e}{chapter.4}% 25
\BOOKMARK [2][-]{subsection.4.6.1}{\376\377\0004\000.\0006\000.\0001\000\040\000D\000e\000t\000a\000i\000l\000e\000d\000\040\000D\000e\000s\000c\000r\000i\000p\000t\000i\000o\000n}{section.4.6}% 26
\BOOKMARK [1][-]{section.4.7}{\376\377\0004\000.\0007\000\040\000J\000s\000o\000n\000P\000a\000i\000r\000\040\000S\000t\000r\000u\000c\000t\000\040\000R\000e\000f\000e\000r\000e\000n\000c\000e}{chapter.4}% 27
\BOOKMARK [2][-]{subsection.4.7.1}{\376\377\0004\000.\0007\000.\0001\000\040\000D\000e\000t\000a\000i\000l\000e\000d\000\040\000D\000e\000s\000c\000r\000i\000p\000t\000i\000o\000n}{section.4.7}% 28
\BOOKMARK [1][-]{section.4.8}{\376\377\0004\000.\0008\000\040\000J\000s\000o\000n\000V\000a\000l\000u\000e\000\040\000U\000n\000i\000o\000n\000\040\000R\000e\000f\000e\000r\000e\000n\000c\000e}{chapter.4}% 29
\BOOKMARK [2][-]{subsection.4.8.1}{\376\377\0004\000.\0008\000.\0001\000\040\000D\000e\000t\000a\000i\000l\000e\000d\000\040\000D\000e\000s\000c\000r\000i\000p\000t\000i\000o\000n}{section.4.8}% 30
\BOOKMARK [2][-]{subsection.4.8.2}{\376\377\0004\000.\0008\000.\0002\000\040\000F\000i\000e\000l\000d\000\040\000D\000o\000c\000u\000m\000e\000n\000t\000a\000t\000i\000o\000n}{section.4.8}% 31
\BOOKMARK [3][-]{subsubsection.4.8.2.1}{\376\377\0004\000.\0008\000.\0002\000.\0001\000\040\000a\000r\000r\000a\000y}{subsection.4.8.2}% 32
\BOOKMARK [3][-]{subsubsection.4.8.2.2}{\376\377\0004\000.\0008\000.\0002\000.\0002\000\040\000c\000o\000n\000s\000t\000a\000n\000t}{subsection.4.8.2}% 33
\BOOKMARK [3][-]{subsubsection.4.8.2.3}{\376\377\0004\000.\0008\000.\0002\000.\0003\000\040\000i\000n\000t\000e\000g\000e\000r}{subsection.4.8.2}% 34
\BOOKMARK [3][-]{subsubsection.4.8.2.4}{\376\377\0004\000.\0008\000.\0002\000.\0004\000\040\000o\000b\000j\000e\000c\000t}{subsection.4.8.2}% 35
\BOOKMARK [3][-]{subsubsection.4.8.2.5}{\376\377\0004\000.\0008\000.\0002\000.\0005\000\040\000r\000e\000a\000l}{subsection.4.8.2}% 36
\BOOKMARK [3][-]{subsubsection.4.8.2.6}{\376\377\0004\000.\0008\000.\0002\000.\0006\000\040\000s\000t\000r\000i\000n\000g}{subsection.4.8.2}% 37
\BOOKMARK [1][-]{section.4.9}{\376\377\0004\000.\0009\000\040\000J\000s\000o\000n\000V\000a\000l\000u\000e\000C\000o\000n\000t\000a\000i\000n\000e\000r\000\040\000S\000t\000r\000u\000c\000t\000\040\000R\000e\000f\000e\000r\000e\000n\000c\000e}{chapter.4}% 38
\BOOKMARK [2][-]{subsection.4.9.1}{\376\377\0004\000.\0009\000.\0001\000\040\000D\000e\000t\000a\000i\000l\000e\000d\000\040\000D\000e\000s\000c\000r\000i\000p\000t\000i\000o\000n}{section.4.9}% 39
\BOOKMARK [1][-]{section.4.10}{\376\377\0004\000.\0001\0000\000\040\000T\000I\000n\000t\000P\000i\000l\000e\000\040\000S\000t\000r\000u\000c\000t\000\040\000R\000e\000f\000e\000r\000e\000n\000c\000e}{chapter.4}% 40
\BOOKMARK [2][-]{subsection.4.10.1}{\376\377\0004\000.\0001\0000\000.\0001\000\040\000D\000e\000t\000a\000i\000l\000e\000d\000\040\000D\000e\000s\000c\000r\000i\000p\000t\000i\000o\000n}{section.4.10}% 41
\BOOKMARK [2][-]{subsection.4.10.2}{\376\377\0004\000.\0001\0000\000.\0002\000\040\000F\000i\000e\000l\000d\000\040\000D\000o\000c\000u\000m\000e\000n\000t\000a\000t\000i\000o\000n}{section.4.10}% 42
\BOOKMARK [3][-]{subsubsection.4.10.2.1}{\376\377\0004\000.\0001\0000\000.\0002\000.\0001\000\040\000d\000a\000t\000a}{subsection.4.10.2}% 43
\BOOKMARK [3][-]{subsubsection.4.10.2.2}{\376\377\0004\000.\0001\0000\000.\0002\000.\0002\000\040\000i\000n\000d\000e\000x\000S\000o\000m\000m\000e\000t}{subsection.4.10.2}% 44
\BOOKMARK [3][-]{subsubsection.4.10.2.3}{\376\377\0004\000.\0001\0000\000.\0002\000.\0003\000\040\000s\000i\000z\000e}{subsection.4.10.2}% 45
\BOOKMARK [1][-]{section.4.11}{\376\377\0004\000.\0001\0001\000\040\000T\000L\000e\000x\000\040\000S\000t\000r\000u\000c\000t\000\040\000R\000e\000f\000e\000r\000e\000n\000c\000e}{chapter.4}% 46
\BOOKMARK [2][-]{subsection.4.11.1}{\376\377\0004\000.\0001\0001\000.\0001\000\040\000D\000e\000t\000a\000i\000l\000e\000d\000\040\000D\000e\000s\000c\000r\000i\000p\000t\000i\000o\000n}{section.4.11}% 47
\BOOKMARK [2][-]{subsection.4.11.2}{\376\377\0004\000.\0001\0001\000.\0002\000\040\000F\000i\000e\000l\000d\000\040\000D\000o\000c\000u\000m\000e\000n\000t\000a\000t\000i\000o\000n}{section.4.11}% 48
\BOOKMARK [3][-]{subsubsection.4.11.2.1}{\376\377\0004\000.\0001\0001\000.\0002\000.\0001\000\040\000d\000a\000t\000a}{subsection.4.11.2}% 49
\BOOKMARK [3][-]{subsubsection.4.11.2.2}{\376\377\0004\000.\0001\0001\000.\0002\000.\0002\000\040\000n\000b\000L\000i\000g\000n\000e\000s}{subsection.4.11.2}% 50
\BOOKMARK [3][-]{subsubsection.4.11.2.3}{\376\377\0004\000.\0001\0001\000.\0002\000.\0003\000\040\000n\000b\000S\000y\000m\000b\000o\000l\000e\000s}{subsection.4.11.2}% 51
\BOOKMARK [3][-]{subsubsection.4.11.2.4}{\376\377\0004\000.\0001\0001\000.\0002\000.\0004\000\040\000s\000t\000a\000r\000t\000P\000o\000s}{subsection.4.11.2}% 52
\BOOKMARK [3][-]{subsubsection.4.11.2.5}{\376\377\0004\000.\0001\0001\000.\0002\000.\0005\000\040\000t\000a\000b\000l\000e\000S\000y\000m\000b\000o\000l\000e\000s}{subsection.4.11.2}% 53
\BOOKMARK [3][-]{subsubsection.4.11.2.6}{\376\377\0004\000.\0001\0001\000.\0002\000.\0006\000\040\000t\000a\000i\000l\000l\000e\000T\000a\000b\000l\000e\000S\000y\000m\000b\000o\000l\000e\000s}{subsection.4.11.2}% 54
\BOOKMARK [1][-]{section.4.12}{\376\377\0004\000.\0001\0002\000\040\000T\000S\000y\000m\000b\000o\000l\000e\000\040\000U\000n\000i\000o\000n\000\040\000R\000e\000f\000e\000r\000e\000n\000c\000e}{chapter.4}% 55
\BOOKMARK [2][-]{subsection.4.12.1}{\376\377\0004\000.\0001\0002\000.\0001\000\040\000D\000e\000t\000a\000i\000l\000e\000d\000\040\000D\000e\000s\000c\000r\000i\000p\000t\000i\000o\000n}{section.4.12}% 56
\BOOKMARK [2][-]{subsection.4.12.2}{\376\377\0004\000.\0001\0002\000.\0002\000\040\000F\000i\000e\000l\000d\000\040\000D\000o\000c\000u\000m\000e\000n\000t\000a\000t\000i\000o\000n}{section.4.12}% 57
\BOOKMARK [3][-]{subsubsection.4.12.2.1}{\376\377\0004\000.\0001\0002\000.\0002\000.\0001\000\040\000c\000h\000a\000i\000n\000e}{subsection.4.12.2}% 58
\BOOKMARK [3][-]{subsubsection.4.12.2.2}{\376\377\0004\000.\0001\0002\000.\0002\000.\0002\000\040\000e\000n\000t\000i\000e\000r}{subsection.4.12.2}% 59
\BOOKMARK [3][-]{subsubsection.4.12.2.3}{\376\377\0004\000.\0001\0002\000.\0002\000.\0003\000\040\000r\000e\000e\000l}{subsection.4.12.2}% 60
\BOOKMARK [3][-]{subsubsection.4.12.2.4}{\376\377\0004\000.\0001\0002\000.\0002\000.\0004\000\040\000t\000y\000p\000e}{subsection.4.12.2}% 61
\BOOKMARK [3][-]{subsubsection.4.12.2.5}{\376\377\0004\000.\0001\0002\000.\0002\000.\0005\000\040\000v\000a\000l}{subsection.4.12.2}% 62
\BOOKMARK [1][-]{section.4.13}{\376\377\0004\000.\0001\0003\000\040\000T\000V\000o\000i\000d\000P\000i\000l\000e\000\040\000S\000t\000r\000u\000c\000t\000\040\000R\000e\000f\000e\000r\000e\000n\000c\000e}{chapter.4}% 63
\BOOKMARK [2][-]{subsection.4.13.1}{\376\377\0004\000.\0001\0003\000.\0001\000\040\000D\000e\000t\000a\000i\000l\000e\000d\000\040\000D\000e\000s\000c\000r\000i\000p\000t\000i\000o\000n}{section.4.13}% 64
\BOOKMARK [2][-]{subsection.4.13.2}{\376\377\0004\000.\0001\0003\000.\0002\000\040\000F\000i\000e\000l\000d\000\040\000D\000o\000c\000u\000m\000e\000n\000t\000a\000t\000i\000o\000n}{section.4.13}% 65
\BOOKMARK [3][-]{subsubsection.4.13.2.1}{\376\377\0004\000.\0001\0003\000.\0002\000.\0001\000\040\000d\000a\000t\000a}{subsection.4.13.2}% 66
\BOOKMARK [3][-]{subsubsection.4.13.2.2}{\376\377\0004\000.\0001\0003\000.\0002\000.\0002\000\040\000i\000n\000d\000e\000x\000S\000o\000m\000m\000e\000t}{subsection.4.13.2}% 67
\BOOKMARK [3][-]{subsubsection.4.13.2.3}{\376\377\0004\000.\0001\0003\000.\0002\000.\0003\000\040\000s\000i\000z\000e}{subsection.4.13.2}% 68
\BOOKMARK [0][-]{chapter.5}{\376\377\0005\000\040\000F\000i\000l\000e\000\040\000D\000o\000c\000u\000m\000e\000n\000t\000a\000t\000i\000o\000n}{}% 69
\BOOKMARK [1][-]{section.5.1}{\376\377\0005\000.\0001\000\040\000j\000s\000o\000n\000\137\000t\000r\000e\000e\000.\000c\000\040\000F\000i\000l\000e\000\040\000R\000e\000f\000e\000r\000e\000n\000c\000e}{chapter.5}% 70
\BOOKMARK [1][-]{section.5.2}{\376\377\0005\000.\0002\000\040\000j\000s\000o\000n\000\137\000t\000r\000e\000e\000.\000h\000\040\000F\000i\000l\000e\000\040\000R\000e\000f\000e\000r\000e\000n\000c\000e}{chapter.5}% 71
\BOOKMARK [2][-]{subsection.5.2.1}{\376\377\0005\000.\0002\000.\0001\000\040\000D\000e\000t\000a\000i\000l\000e\000d\000\040\000D\000e\000s\000c\000r\000i\000p\000t\000i\000o\000n}{section.5.2}% 72
\BOOKMARK [2][-]{subsection.5.2.2}{\376\377\0005\000.\0002\000.\0002\000\040\000M\000a\000c\000r\000o\000\040\000D\000e\000f\000i\000n\000i\000t\000i\000o\000n\000\040\000D\000o\000c\000u\000m\000e\000n\000t\000a\000t\000i\000o\000n}{section.5.2}% 73
\BOOKMARK [3][-]{subsubsection.5.2.2.1}{\376\377\0005\000.\0002\000.\0002\000.\0001\000\040\000C\000S\000T\000E\000\137\000J\000S\000O\000N\000\137\000F\000A\000L\000S\000E}{subsection.5.2.2}% 74
\BOOKMARK [3][-]{subsubsection.5.2.2.2}{\376\377\0005\000.\0002\000.\0002\000.\0002\000\040\000C\000S\000T\000E\000\137\000J\000S\000O\000N\000\137\000N\000U\000L\000L}{subsection.5.2.2}% 75
\BOOKMARK [3][-]{subsubsection.5.2.2.3}{\376\377\0005\000.\0002\000.\0002\000.\0003\000\040\000C\000S\000T\000E\000\137\000J\000S\000O\000N\000\137\000T\000R\000U\000E}{subsection.5.2.2}% 76
\BOOKMARK [2][-]{subsection.5.2.3}{\376\377\0005\000.\0002\000.\0003\000\040\000T\000y\000p\000e\000d\000e\000f\000\040\000D\000o\000c\000u\000m\000e\000n\000t\000a\000t\000i\000o\000n}{section.5.2}% 77
\BOOKMARK [3][-]{subsubsection.5.2.3.1}{\376\377\0005\000.\0002\000.\0003\000.\0001\000\040\000J\000s\000o\000n\000A\000r\000r\000a\000y}{subsection.5.2.3}% 78
\BOOKMARK [3][-]{subsubsection.5.2.3.2}{\376\377\0005\000.\0002\000.\0003\000.\0002\000\040\000J\000s\000o\000n\000O\000b\000j\000e\000c\000t}{subsection.5.2.3}% 79
\BOOKMARK [3][-]{subsubsection.5.2.3.3}{\376\377\0005\000.\0002\000.\0003\000.\0003\000\040\000J\000s\000o\000n\000P\000a\000i\000r}{subsection.5.2.3}% 80
\BOOKMARK [3][-]{subsubsection.5.2.3.4}{\376\377\0005\000.\0002\000.\0003\000.\0004\000\040\000J\000s\000o\000n\000V\000a\000l\000u\000e\000C\000o\000n\000t\000a\000i\000n\000e\000r}{subsection.5.2.3}% 81
\BOOKMARK [3][-]{subsubsection.5.2.3.5}{\376\377\0005\000.\0002\000.\0003\000.\0005\000\040\000V\000a\000l\000u\000e\000T\000y\000p\000e}{subsection.5.2.3}% 82
\BOOKMARK [2][-]{subsection.5.2.4}{\376\377\0005\000.\0002\000.\0004\000\040\000E\000n\000u\000m\000e\000r\000a\000t\000i\000o\000n\000\040\000T\000y\000p\000e\000\040\000D\000o\000c\000u\000m\000e\000n\000t\000a\000t\000i\000o\000n}{section.5.2}% 83
\BOOKMARK [3][-]{subsubsection.5.2.4.1}{\376\377\0005\000.\0002\000.\0004\000.\0001\000\040\000\137\000v\000a\000l\000u\000e\000\137\000t\000y\000p\000e}{subsection.5.2.4}% 84
\BOOKMARK [2][-]{subsection.5.2.5}{\376\377\0005\000.\0002\000.\0005\000\040\000F\000u\000n\000c\000t\000i\000o\000n\000\040\000D\000o\000c\000u\000m\000e\000n\000t\000a\000t\000i\000o\000n}{section.5.2}% 85
\BOOKMARK [3][-]{subsubsection.5.2.5.1}{\376\377\0005\000.\0002\000.\0005\000.\0001\000\040\000C\000r\000e\000a\000t\000e\000J\000s\000o\000n\000A\000r\000r\000a\000y\000\050\000\051}{subsection.5.2.5}% 86
\BOOKMARK [3][-]{subsubsection.5.2.5.2}{\376\377\0005\000.\0002\000.\0005\000.\0002\000\040\000C\000r\000e\000a\000t\000e\000J\000s\000o\000n\000O\000b\000j\000e\000c\000t\000\050\000\051}{subsection.5.2.5}% 87
\BOOKMARK [3][-]{subsubsection.5.2.5.3}{\376\377\0005\000.\0002\000.\0005\000.\0003\000\040\000C\000r\000e\000a\000t\000e\000J\000s\000o\000n\000P\000a\000i\000r\000\050\000\051}{subsection.5.2.5}% 88
\BOOKMARK [3][-]{subsubsection.5.2.5.4}{\376\377\0005\000.\0002\000.\0005\000.\0004\000\040\000C\000r\000e\000a\000t\000e\000J\000s\000o\000n\000V\000a\000l\000u\000e\000C\000o\000n\000t\000a\000i\000n\000e\000r\000\050\000\051}{subsection.5.2.5}% 89
\BOOKMARK [3][-]{subsubsection.5.2.5.5}{\376\377\0005\000.\0002\000.\0005\000.\0005\000\040\000D\000e\000l\000e\000t\000e\000J\000s\000o\000n\000A\000r\000r\000a\000y\000\050\000\051}{subsection.5.2.5}% 90
\BOOKMARK [3][-]{subsubsection.5.2.5.6}{\376\377\0005\000.\0002\000.\0005\000.\0006\000\040\000D\000e\000l\000e\000t\000e\000J\000s\000o\000n\000O\000b\000j\000e\000c\000t\000\050\000\051}{subsection.5.2.5}% 91
\BOOKMARK [3][-]{subsubsection.5.2.5.7}{\376\377\0005\000.\0002\000.\0005\000.\0007\000\040\000D\000e\000l\000e\000t\000e\000J\000s\000o\000n\000P\000a\000i\000r\000\050\000\051}{subsection.5.2.5}% 92
\BOOKMARK [3][-]{subsubsection.5.2.5.8}{\376\377\0005\000.\0002\000.\0005\000.\0008\000\040\000D\000e\000l\000e\000t\000e\000J\000s\000o\000n\000V\000a\000l\000u\000e\000C\000o\000n\000t\000a\000i\000n\000e\000r\000\050\000\051}{subsection.5.2.5}% 93
\BOOKMARK [3][-]{subsubsection.5.2.5.9}{\376\377\0005\000.\0002\000.\0005\000.\0009\000\040\000G\000e\000t\000J\000s\000o\000n\000V\000a\000l\000u\000e\000C\000o\000n\000t\000a\000i\000n\000e\000r\000\050\000\051}{subsection.5.2.5}% 94
\BOOKMARK [3][-]{subsubsection.5.2.5.10}{\376\377\0005\000.\0002\000.\0005\000.\0001\0000\000\040\000I\000n\000s\000e\000r\000t\000J\000s\000o\000n\000A\000r\000r\000a\000y\000\050\000\051}{subsection.5.2.5}% 95
\BOOKMARK [3][-]{subsubsection.5.2.5.11}{\376\377\0005\000.\0002\000.\0005\000.\0001\0001\000\040\000I\000n\000s\000e\000r\000t\000J\000s\000o\000n\000O\000b\000j\000e\000c\000t\000\050\000\051}{subsection.5.2.5}% 96
\BOOKMARK [3][-]{subsubsection.5.2.5.12}{\376\377\0005\000.\0002\000.\0005\000.\0001\0002\000\040\000P\000r\000i\000n\000t\000D\000o\000t\000J\000s\000o\000n\000A\000r\000r\000a\000y\000\050\000\051}{subsection.5.2.5}% 97
\BOOKMARK [3][-]{subsubsection.5.2.5.13}{\376\377\0005\000.\0002\000.\0005\000.\0001\0003\000\040\000P\000r\000i\000n\000t\000D\000o\000t\000J\000s\000o\000n\000O\000b\000j\000e\000c\000t\000\050\000\051}{subsection.5.2.5}% 98
\BOOKMARK [3][-]{subsubsection.5.2.5.14}{\376\377\0005\000.\0002\000.\0005\000.\0001\0004\000\040\000P\000r\000i\000n\000t\000J\000s\000o\000n\000A\000r\000r\000a\000y\000\050\000\051}{subsection.5.2.5}% 99
\BOOKMARK [3][-]{subsubsection.5.2.5.15}{\376\377\0005\000.\0002\000.\0005\000.\0001\0005\000\040\000P\000r\000i\000n\000t\000J\000s\000o\000n\000O\000b\000j\000e\000c\000t\000\050\000\051}{subsection.5.2.5}% 100
\BOOKMARK [3][-]{subsubsection.5.2.5.16}{\376\377\0005\000.\0002\000.\0005\000.\0001\0006\000\040\000P\000r\000i\000n\000t\000J\000s\000o\000n\000P\000a\000i\000r\000\050\000\051}{subsection.5.2.5}% 101
\BOOKMARK [3][-]{subsubsection.5.2.5.17}{\376\377\0005\000.\0002\000.\0005\000.\0001\0007\000\040\000P\000r\000i\000n\000t\000J\000s\000o\000n\000V\000a\000l\000u\000e\000C\000o\000n\000t\000a\000i\000n\000e\000r\000\050\000\051}{subsection.5.2.5}% 102
\BOOKMARK [3][-]{subsubsection.5.2.5.18}{\376\377\0005\000.\0002\000.\0005\000.\0001\0008\000\040\000U\000p\000d\000a\000t\000e\000J\000s\000o\000n\000P\000a\000i\000r\000\050\000\051}{subsection.5.2.5}% 103
\BOOKMARK [3][-]{subsubsection.5.2.5.19}{\376\377\0005\000.\0002\000.\0005\000.\0001\0009\000\040\000U\000p\000d\000a\000t\000e\000J\000s\000o\000n\000V\000a\000l\000u\000e\000C\000o\000n\000t\000a\000i\000n\000e\000r\000\050\000\051}{subsection.5.2.5}% 104
\BOOKMARK [1][-]{section.5.3}{\376\377\0005\000.\0003\000\040\000p\000i\000l\000e\000.\000c\000\040\000F\000i\000l\000e\000\040\000R\000e\000f\000e\000r\000e\000n\000c\000e}{chapter.5}% 105
\BOOKMARK [2][-]{subsection.5.3.1}{\376\377\0005\000.\0003\000.\0001\000\040\000D\000e\000t\000a\000i\000l\000e\000d\000\040\000D\000e\000s\000c\000r\000i\000p\000t\000i\000o\000n}{section.5.3}% 106
\BOOKMARK [2][-]{subsection.5.3.2}{\376\377\0005\000.\0003\000.\0002\000\040\000M\000a\000c\000r\000o\000\040\000D\000e\000f\000i\000n\000i\000t\000i\000o\000n\000\040\000D\000o\000c\000u\000m\000e\000n\000t\000a\000t\000i\000o\000n}{section.5.3}% 107
\BOOKMARK [3][-]{subsubsection.5.3.2.1}{\376\377\0005\000.\0003\000.\0002\000.\0001\000\040\000\137\000D\000E\000F\000A\000U\000L\000T\000\137\000P\000I\000L\000E\000\137\000S\000I\000Z\000E}{subsection.5.3.2}% 108
\BOOKMARK [2][-]{subsection.5.3.3}{\376\377\0005\000.\0003\000.\0003\000\040\000F\000u\000n\000c\000t\000i\000o\000n\000\040\000D\000o\000c\000u\000m\000e\000n\000t\000a\000t\000i\000o\000n}{section.5.3}% 109
\BOOKMARK [3][-]{subsubsection.5.3.3.1}{\376\377\0005\000.\0003\000.\0003\000.\0001\000\040\000d\000e\000l\000e\000t\000e\000I\000n\000t\000P\000i\000l\000e\000\050\000\051}{subsection.5.3.3}% 110
\BOOKMARK [3][-]{subsubsection.5.3.3.2}{\376\377\0005\000.\0003\000.\0003\000.\0002\000\040\000d\000e\000l\000e\000t\000e\000V\000o\000i\000d\000P\000i\000l\000e\000\050\000\051}{subsection.5.3.3}% 111
\BOOKMARK [3][-]{subsubsection.5.3.3.3}{\376\377\0005\000.\0003\000.\0003\000.\0003\000\040\000d\000e\000p\000i\000l\000e\000r\000I\000n\000t\000\050\000\051}{subsection.5.3.3}% 112
\BOOKMARK [3][-]{subsubsection.5.3.3.4}{\376\377\0005\000.\0003\000.\0003\000.\0004\000\040\000d\000e\000p\000i\000l\000e\000r\000V\000o\000i\000d\000\050\000\051}{subsection.5.3.3}% 113
\BOOKMARK [3][-]{subsubsection.5.3.3.5}{\376\377\0005\000.\0003\000.\0003\000.\0005\000\040\000e\000m\000p\000i\000l\000e\000r\000I\000n\000t\000\050\000\051}{subsection.5.3.3}% 114
\BOOKMARK [3][-]{subsubsection.5.3.3.6}{\376\377\0005\000.\0003\000.\0003\000.\0006\000\040\000e\000m\000p\000i\000l\000e\000r\000V\000o\000i\000d\000\050\000\051}{subsection.5.3.3}% 115
\BOOKMARK [3][-]{subsubsection.5.3.3.7}{\376\377\0005\000.\0003\000.\0003\000.\0007\000\040\000i\000n\000i\000t\000I\000n\000t\000P\000i\000l\000e\000\050\000\051}{subsection.5.3.3}% 116
\BOOKMARK [3][-]{subsubsection.5.3.3.8}{\376\377\0005\000.\0003\000.\0003\000.\0008\000\040\000i\000n\000i\000t\000V\000o\000i\000d\000P\000i\000l\000e\000\050\000\051}{subsection.5.3.3}% 117
\BOOKMARK [3][-]{subsubsection.5.3.3.9}{\376\377\0005\000.\0003\000.\0003\000.\0009\000\040\000p\000r\000i\000n\000t\000I\000n\000t\000P\000i\000l\000e\000\050\000\051}{subsection.5.3.3}% 118
\BOOKMARK [3][-]{subsubsection.5.3.3.10}{\376\377\0005\000.\0003\000.\0003\000.\0001\0000\000\040\000p\000r\000i\000n\000t\000V\000o\000i\000d\000P\000i\000l\000e\000\050\000\051}{subsection.5.3.3}% 119
\BOOKMARK [3][-]{subsubsection.5.3.3.11}{\376\377\0005\000.\0003\000.\0003\000.\0001\0001\000\040\000s\000o\000m\000m\000e\000t\000I\000n\000t\000\050\000\051}{subsection.5.3.3}% 120
\BOOKMARK [3][-]{subsubsection.5.3.3.12}{\376\377\0005\000.\0003\000.\0003\000.\0001\0002\000\040\000s\000o\000m\000m\000e\000t\000V\000o\000i\000d\000\050\000\051}{subsection.5.3.3}% 121
\BOOKMARK [1][-]{section.5.4}{\376\377\0005\000.\0004\000\040\000p\000i\000l\000e\000.\000h\000\040\000F\000i\000l\000e\000\040\000R\000e\000f\000e\000r\000e\000n\000c\000e}{chapter.5}% 122
\BOOKMARK [2][-]{subsection.5.4.1}{\376\377\0005\000.\0004\000.\0001\000\040\000D\000e\000t\000a\000i\000l\000e\000d\000\040\000D\000e\000s\000c\000r\000i\000p\000t\000i\000o\000n}{section.5.4}% 123
\BOOKMARK [2][-]{subsection.5.4.2}{\376\377\0005\000.\0004\000.\0002\000\040\000F\000u\000n\000c\000t\000i\000o\000n\000\040\000D\000o\000c\000u\000m\000e\000n\000t\000a\000t\000i\000o\000n}{section.5.4}% 124
\BOOKMARK [3][-]{subsubsection.5.4.2.1}{\376\377\0005\000.\0004\000.\0002\000.\0001\000\040\000d\000e\000l\000e\000t\000e\000I\000n\000t\000P\000i\000l\000e\000\050\000\051}{subsection.5.4.2}% 125
\BOOKMARK [3][-]{subsubsection.5.4.2.2}{\376\377\0005\000.\0004\000.\0002\000.\0002\000\040\000d\000e\000l\000e\000t\000e\000V\000o\000i\000d\000P\000i\000l\000e\000\050\000\051}{subsection.5.4.2}% 126
\BOOKMARK [3][-]{subsubsection.5.4.2.3}{\376\377\0005\000.\0004\000.\0002\000.\0003\000\040\000d\000e\000p\000i\000l\000e\000r\000I\000n\000t\000\050\000\051}{subsection.5.4.2}% 127
\BOOKMARK [3][-]{subsubsection.5.4.2.4}{\376\377\0005\000.\0004\000.\0002\000.\0004\000\040\000d\000e\000p\000i\000l\000e\000r\000V\000o\000i\000d\000\050\000\051}{subsection.5.4.2}% 128
\BOOKMARK [3][-]{subsubsection.5.4.2.5}{\376\377\0005\000.\0004\000.\0002\000.\0005\000\040\000e\000m\000p\000i\000l\000e\000r\000I\000n\000t\000\050\000\051}{subsection.5.4.2}% 129
\BOOKMARK [3][-]{subsubsection.5.4.2.6}{\376\377\0005\000.\0004\000.\0002\000.\0006\000\040\000e\000m\000p\000i\000l\000e\000r\000V\000o\000i\000d\000\050\000\051}{subsection.5.4.2}% 130
\BOOKMARK [3][-]{subsubsection.5.4.2.7}{\376\377\0005\000.\0004\000.\0002\000.\0007\000\040\000i\000n\000i\000t\000I\000n\000t\000P\000i\000l\000e\000\050\000\051}{subsection.5.4.2}% 131
\BOOKMARK [3][-]{subsubsection.5.4.2.8}{\376\377\0005\000.\0004\000.\0002\000.\0008\000\040\000i\000n\000i\000t\000V\000o\000i\000d\000P\000i\000l\000e\000\050\000\051}{subsection.5.4.2}% 132
\BOOKMARK [3][-]{subsubsection.5.4.2.9}{\376\377\0005\000.\0004\000.\0002\000.\0009\000\040\000p\000r\000i\000n\000t\000I\000n\000t\000P\000i\000l\000e\000\050\000\051}{subsection.5.4.2}% 133
\BOOKMARK [3][-]{subsubsection.5.4.2.10}{\376\377\0005\000.\0004\000.\0002\000.\0001\0000\000\040\000p\000r\000i\000n\000t\000V\000o\000i\000d\000P\000i\000l\000e\000\050\000\051}{subsection.5.4.2}% 134
\BOOKMARK [3][-]{subsubsection.5.4.2.11}{\376\377\0005\000.\0004\000.\0002\000.\0001\0001\000\040\000s\000o\000m\000m\000e\000t\000I\000n\000t\000\050\000\051}{subsection.5.4.2}% 135
\BOOKMARK [3][-]{subsubsection.5.4.2.12}{\376\377\0005\000.\0004\000.\0002\000.\0001\0002\000\040\000s\000o\000m\000m\000e\000t\000V\000o\000i\000d\000\050\000\051}{subsection.5.4.2}% 136
\BOOKMARK [1][-]{section.5.5}{\376\377\0005\000.\0005\000\040\000R\000E\000A\000D\000M\000E\000.\000m\000d\000\040\000F\000i\000l\000e\000\040\000R\000e\000f\000e\000r\000e\000n\000c\000e}{chapter.5}% 137
\BOOKMARK [1][-]{section.5.6}{\376\377\0005\000.\0006\000\040\000t\000p\0002\000\137\000l\000e\000x\000.\000c\000\040\000F\000i\000l\000e\000\040\000R\000e\000f\000e\000r\000e\000n\000c\000e}{chapter.5}% 138
\BOOKMARK [2][-]{subsection.5.6.1}{\376\377\0005\000.\0006\000.\0001\000\040\000D\000e\000t\000a\000i\000l\000e\000d\000\040\000D\000e\000s\000c\000r\000i\000p\000t\000i\000o\000n}{section.5.6}% 139
\BOOKMARK [2][-]{subsection.5.6.2}{\376\377\0005\000.\0006\000.\0002\000\040\000F\000u\000n\000c\000t\000i\000o\000n\000\040\000D\000o\000c\000u\000m\000e\000n\000t\000a\000t\000i\000o\000n}{section.5.6}% 140
\BOOKMARK [3][-]{subsubsection.5.6.2.1}{\376\377\0005\000.\0006\000.\0002\000.\0001\000\040\000a\000d\000d\000I\000n\000t\000S\000y\000m\000b\000o\000l\000T\000o\000L\000e\000x\000D\000a\000t\000a\000\050\000\051}{subsection.5.6.2}% 141
\BOOKMARK [3][-]{subsubsection.5.6.2.2}{\376\377\0005\000.\0006\000.\0002\000.\0002\000\040\000a\000d\000d\000R\000e\000a\000l\000S\000y\000m\000b\000o\000l\000T\000o\000L\000e\000x\000D\000a\000t\000a\000\050\000\051}{subsection.5.6.2}% 142
\BOOKMARK [3][-]{subsubsection.5.6.2.3}{\376\377\0005\000.\0006\000.\0002\000.\0003\000\040\000a\000d\000d\000S\000t\000r\000i\000n\000g\000S\000y\000m\000b\000o\000l\000T\000o\000L\000e\000x\000D\000a\000t\000a\000\050\000\051}{subsection.5.6.2}% 143
\BOOKMARK [3][-]{subsubsection.5.6.2.4}{\376\377\0005\000.\0006\000.\0002\000.\0004\000\040\000d\000e\000l\000e\000t\000e\000L\000e\000x\000D\000a\000t\000a\000\050\000\051}{subsection.5.6.2}% 144
\BOOKMARK [3][-]{subsubsection.5.6.2.5}{\376\377\0005\000.\0006\000.\0002\000.\0005\000\040\000i\000n\000i\000t\000L\000e\000x\000D\000a\000t\000a\000\050\000\051}{subsection.5.6.2}% 145
\BOOKMARK [3][-]{subsubsection.5.6.2.6}{\376\377\0005\000.\0006\000.\0002\000.\0006\000\040\000i\000s\000S\000e\000p\000\050\000\051}{subsection.5.6.2}% 146
\BOOKMARK [3][-]{subsubsection.5.6.2.7}{\376\377\0005\000.\0006\000.\0002\000.\0007\000\040\000l\000e\000x\000\050\000\051}{subsection.5.6.2}% 147
\BOOKMARK [3][-]{subsubsection.5.6.2.8}{\376\377\0005\000.\0006\000.\0002\000.\0008\000\040\000p\000r\000i\000n\000t\000L\000e\000x\000D\000a\000t\000a\000\050\000\051}{subsection.5.6.2}% 148
\BOOKMARK [1][-]{section.5.7}{\376\377\0005\000.\0007\000\040\000t\000p\0002\000\137\000l\000e\000x\000.\000h\000\040\000F\000i\000l\000e\000\040\000R\000e\000f\000e\000r\000e\000n\000c\000e}{chapter.5}% 149
\BOOKMARK [2][-]{subsection.5.7.1}{\376\377\0005\000.\0007\000.\0001\000\040\000D\000e\000t\000a\000i\000l\000e\000d\000\040\000D\000e\000s\000c\000r\000i\000p\000t\000i\000o\000n}{section.5.7}% 150
\BOOKMARK [2][-]{subsection.5.7.2}{\376\377\0005\000.\0007\000.\0002\000\040\000M\000a\000c\000r\000o\000\040\000D\000e\000f\000i\000n\000i\000t\000i\000o\000n\000\040\000D\000o\000c\000u\000m\000e\000n\000t\000a\000t\000i\000o\000n}{section.5.7}% 151
\BOOKMARK [3][-]{subsubsection.5.7.2.1}{\376\377\0005\000.\0007\000.\0002\000.\0001\000\040\000J\000S\000O\000N\000\137\000C\000O\000L\000O\000N}{subsection.5.7.2}% 152
\BOOKMARK [3][-]{subsubsection.5.7.2.2}{\376\377\0005\000.\0007\000.\0002\000.\0002\000\040\000J\000S\000O\000N\000\137\000C\000O\000M\000M\000A}{subsection.5.7.2}% 153
\BOOKMARK [3][-]{subsubsection.5.7.2.3}{\376\377\0005\000.\0007\000.\0002\000.\0003\000\040\000J\000S\000O\000N\000\137\000F\000A\000L\000S\000E}{subsection.5.7.2}% 154
\BOOKMARK [3][-]{subsubsection.5.7.2.4}{\376\377\0005\000.\0007\000.\0002\000.\0004\000\040\000J\000S\000O\000N\000\137\000I\000N\000T\000\137\000N\000U\000M\000B\000E\000R}{subsection.5.7.2}% 155
\BOOKMARK [3][-]{subsubsection.5.7.2.5}{\376\377\0005\000.\0007\000.\0002\000.\0005\000\040\000J\000S\000O\000N\000\137\000L\000B}{subsection.5.7.2}% 156
\BOOKMARK [3][-]{subsubsection.5.7.2.6}{\376\377\0005\000.\0007\000.\0002\000.\0006\000\040\000J\000S\000O\000N\000\137\000L\000C\000B}{subsection.5.7.2}% 157
\BOOKMARK [3][-]{subsubsection.5.7.2.7}{\376\377\0005\000.\0007\000.\0002\000.\0007\000\040\000J\000S\000O\000N\000\137\000L\000E\000X\000\137\000E\000R\000R\000O\000R}{subsection.5.7.2}% 158
\BOOKMARK [3][-]{subsubsection.5.7.2.8}{\376\377\0005\000.\0007\000.\0002\000.\0008\000\040\000J\000S\000O\000N\000\137\000N\000U\000L\000L}{subsection.5.7.2}% 159
\BOOKMARK [3][-]{subsubsection.5.7.2.9}{\376\377\0005\000.\0007\000.\0002\000.\0009\000\040\000J\000S\000O\000N\000\137\000R\000B}{subsection.5.7.2}% 160
\BOOKMARK [3][-]{subsubsection.5.7.2.10}{\376\377\0005\000.\0007\000.\0002\000.\0001\0000\000\040\000J\000S\000O\000N\000\137\000R\000C\000B}{subsection.5.7.2}% 161
\BOOKMARK [3][-]{subsubsection.5.7.2.11}{\376\377\0005\000.\0007\000.\0002\000.\0001\0001\000\040\000J\000S\000O\000N\000\137\000R\000E\000A\000L\000\137\000N\000U\000M\000B\000E\000R}{subsection.5.7.2}% 162
\BOOKMARK [3][-]{subsubsection.5.7.2.12}{\376\377\0005\000.\0007\000.\0002\000.\0001\0002\000\040\000J\000S\000O\000N\000\137\000S\000T\000R\000I\000N\000G}{subsection.5.7.2}% 163
\BOOKMARK [3][-]{subsubsection.5.7.2.13}{\376\377\0005\000.\0007\000.\0002\000.\0001\0003\000\040\000J\000S\000O\000N\000\137\000T\000R\000U\000E}{subsection.5.7.2}% 164
\BOOKMARK [2][-]{subsection.5.7.3}{\376\377\0005\000.\0007\000.\0003\000\040\000F\000u\000n\000c\000t\000i\000o\000n\000\040\000D\000o\000c\000u\000m\000e\000n\000t\000a\000t\000i\000o\000n}{section.5.7}% 165
\BOOKMARK [3][-]{subsubsection.5.7.3.1}{\376\377\0005\000.\0007\000.\0003\000.\0001\000\040\000a\000d\000d\000I\000n\000t\000S\000y\000m\000b\000o\000l\000T\000o\000L\000e\000x\000D\000a\000t\000a\000\050\000\051}{subsection.5.7.3}% 166
\BOOKMARK [3][-]{subsubsection.5.7.3.2}{\376\377\0005\000.\0007\000.\0003\000.\0002\000\040\000a\000d\000d\000R\000e\000a\000l\000S\000y\000m\000b\000o\000l\000T\000o\000L\000e\000x\000D\000a\000t\000a\000\050\000\051}{subsection.5.7.3}% 167
\BOOKMARK [3][-]{subsubsection.5.7.3.3}{\376\377\0005\000.\0007\000.\0003\000.\0003\000\040\000a\000d\000d\000S\000t\000r\000i\000n\000g\000S\000y\000m\000b\000o\000l\000T\000o\000L\000e\000x\000D\000a\000t\000a\000\050\000\051}{subsection.5.7.3}% 168
\BOOKMARK [3][-]{subsubsection.5.7.3.4}{\376\377\0005\000.\0007\000.\0003\000.\0004\000\040\000d\000e\000l\000e\000t\000e\000L\000e\000x\000D\000a\000t\000a\000\050\000\051}{subsection.5.7.3}% 169
\BOOKMARK [3][-]{subsubsection.5.7.3.5}{\376\377\0005\000.\0007\000.\0003\000.\0005\000\040\000i\000n\000i\000t\000L\000e\000x\000D\000a\000t\000a\000\050\000\051}{subsection.5.7.3}% 170
\BOOKMARK [3][-]{subsubsection.5.7.3.6}{\376\377\0005\000.\0007\000.\0003\000.\0006\000\040\000i\000s\000S\000e\000p\000\050\000\051}{subsection.5.7.3}% 171
\BOOKMARK [3][-]{subsubsection.5.7.3.7}{\376\377\0005\000.\0007\000.\0003\000.\0007\000\040\000l\000e\000x\000\050\000\051}{subsection.5.7.3}% 172
\BOOKMARK [3][-]{subsubsection.5.7.3.8}{\376\377\0005\000.\0007\000.\0003\000.\0008\000\040\000p\000r\000i\000n\000t\000L\000e\000x\000D\000a\000t\000a\000\050\000\051}{subsection.5.7.3}% 173
\BOOKMARK [1][-]{section.5.8}{\376\377\0005\000.\0008\000\040\000t\000p\0003\000\137\000a\000.\000c\000\040\000F\000i\000l\000e\000\040\000R\000e\000f\000e\000r\000e\000n\000c\000e}{chapter.5}% 174
\BOOKMARK [2][-]{subsection.5.8.1}{\376\377\0005\000.\0008\000.\0001\000\040\000D\000e\000t\000a\000i\000l\000e\000d\000\040\000D\000e\000s\000c\000r\000i\000p\000t\000i\000o\000n}{section.5.8}% 175
\BOOKMARK [2][-]{subsection.5.8.2}{\376\377\0005\000.\0008\000.\0002\000\040\000F\000u\000n\000c\000t\000i\000o\000n\000\040\000D\000o\000c\000u\000m\000e\000n\000t\000a\000t\000i\000o\000n}{section.5.8}% 176
\BOOKMARK [3][-]{subsubsection.5.8.2.1}{\376\377\0005\000.\0008\000.\0002\000.\0001\000\040\000a\000n\000a\000l\000y\000s\000e\000u\000r\000L\000R\000\050\000\051}{subsection.5.8.2}% 177
\BOOKMARK [3][-]{subsubsection.5.8.2.2}{\376\377\0005\000.\0008\000.\0002\000.\0002\000\040\000m\000a\000i\000n\000\050\000\051}{subsection.5.8.2}% 178
\BOOKMARK [1][-]{section.5.9}{\376\377\0005\000.\0009\000\040\000t\000p\0003\000\137\000a\000.\000h\000\040\000F\000i\000l\000e\000\040\000R\000e\000f\000e\000r\000e\000n\000c\000e}{chapter.5}% 179
\BOOKMARK [2][-]{subsection.5.9.1}{\376\377\0005\000.\0009\000.\0001\000\040\000D\000e\000t\000a\000i\000l\000e\000d\000\040\000D\000e\000s\000c\000r\000i\000p\000t\000i\000o\000n}{section.5.9}% 180
\BOOKMARK [2][-]{subsection.5.9.2}{\376\377\0005\000.\0009\000.\0002\000\040\000F\000u\000n\000c\000t\000i\000o\000n\000\040\000D\000o\000c\000u\000m\000e\000n\000t\000a\000t\000i\000o\000n}{section.5.9}% 181
\BOOKMARK [3][-]{subsubsection.5.9.2.1}{\376\377\0005\000.\0009\000.\0002\000.\0001\000\040\000a\000n\000a\000l\000y\000s\000e\000u\000r\000L\000R\000\050\000\051}{subsection.5.9.2}% 182
\BOOKMARK [2][-]{subsection.5.9.3}{\376\377\0005\000.\0009\000.\0003\000\040\000V\000a\000r\000i\000a\000b\000l\000e\000\040\000D\000o\000c\000u\000m\000e\000n\000t\000a\000t\000i\000o\000n}{section.5.9}% 183
\BOOKMARK [3][-]{subsubsection.5.9.3.1}{\376\377\0005\000.\0009\000.\0003\000.\0001\000\040\000e\000l\000e\000m\000e\000n\000t\000P\000a\000r\000t\000i\000e\000G\000a\000u\000c\000h\000e\000R\000e\000g\000l\000e}{subsection.5.9.3}% 184
\BOOKMARK [3][-]{subsubsection.5.9.3.2}{\376\377\0005\000.\0009\000.\0003\000.\0002\000\040\000T\000a\000b\000l\000e\000A\000c\000t\000i\000o\000n}{subsection.5.9.3}% 185
\BOOKMARK [3][-]{subsubsection.5.9.3.3}{\376\377\0005\000.\0009\000.\0003\000.\0003\000\040\000T\000a\000b\000l\000e\000G\000o\000t\000o}{subsection.5.9.3}% 186
\BOOKMARK [3][-]{subsubsection.5.9.3.4}{\376\377\0005\000.\0009\000.\0003\000.\0004\000\040\000t\000a\000i\000l\000l\000e\000P\000a\000r\000t\000i\000e\000D\000r\000o\000i\000t\000e\000R\000e\000g\000l\000e}{subsection.5.9.3}% 187
\BOOKMARK [0][-]{section*.32}{\376\377\000I\000n\000d\000e\000x}{}% 188
